<?xml version="1.0" encoding="UTF-8"?>
<testsuite name="test.blz.ProductServiceTest" tests="7" skipped="0" failures="0" errors="0" timestamp="2019-06-11T05:44:30" hostname="ni-83866-3" time="0.042">
  <properties/>
  <testcase name="testFindProductThatDoesNotExists" classname="test.blz.ProductServiceTest" time="0.019"/>
  <testcase name="testClearAllCache" classname="test.blz.ProductServiceTest" time="0.007"/>
  <testcase name="testFindProductThatExists" classname="test.blz.ProductServiceTest" time="0.003"/>
  <testcase name="testCreateProduct" classname="test.blz.ProductServiceTest" time="0.002"/>
  <testcase name="testUpdateProduct" classname="test.blz.ProductServiceTest" time="0.001"/>
  <testcase name="testCreateProductThatAlreadyExists" classname="test.blz.ProductServiceTest" time="0.002"/>
  <testcase name="testClearCacheForProduct" classname="test.blz.ProductServiceTest" time="0.0"/>
  <system-out><![CDATA[02:44:30.310 [Test worker] INFO test.blz.service.ProductServiceImpl - M=findProduct, sku=1
02:44:30.332 [Test worker] INFO test.blz.service.ProductServiceImpl - M=findProduct, sku=1
02:44:30.334 [Test worker] INFO test.blz.service.ProductServiceImpl - M=createProduct, productVO=ProductVO(sku=1, name=produto teste, inventory=Inventory(quantity=1, warehouses=[Warehouse(locality=sao paulo, quantity=1, type=ECOMMERCE), Warehouse(locality=sao paulo, quantity=1, type=PHYSICAL_STORE)]), marketable=true)
02:44:30.335 [Test worker] INFO test.blz.service.ProductServiceImpl - M=findProduct, sku=1
02:44:30.335 [Test worker] INFO test.blz.service.ProductServiceImpl - M=updateProduct, productVO=ProductVO(sku=1, name=produto teste, inventory=Inventory(quantity=1, warehouses=[Warehouse(locality=sao paulo, quantity=1, type=ECOMMERCE), Warehouse(locality=sao paulo, quantity=1, type=PHYSICAL_STORE)]), marketable=true)
02:44:30.336 [Test worker] INFO test.blz.service.ProductServiceImpl - M=updateProduct, productVO=ProductVO(sku=1, name=produto teste, inventory=Inventory(quantity=1, warehouses=[Warehouse(locality=sao paulo, quantity=1, type=ECOMMERCE), Warehouse(locality=sao paulo, quantity=1, type=PHYSICAL_STORE)]), marketable=true)
02:44:30.339 [Test worker] INFO test.blz.service.ProductServiceImpl - M=createProduct, productVO=ProductVO(sku=1, name=produto teste, inventory=Inventory(quantity=1, warehouses=[Warehouse(locality=sao paulo, quantity=1, type=ECOMMERCE), Warehouse(locality=sao paulo, quantity=1, type=PHYSICAL_STORE)]), marketable=true)
02:44:30.339 [Test worker] INFO test.blz.service.ProductServiceImpl - M=findProduct, sku=1
02:44:30.341 [Test worker] INFO test.blz.service.ProductServiceImpl - M=deleteProcuct, sku=1
]]></system-out>
  <system-err><![CDATA[]]></system-err>
</testsuite>
