<?xml version="1.0" encoding="UTF-8"?>
<testsuite name="test.blz.ProductCacheTest" tests="4" skipped="0" failures="0" errors="0" timestamp="2019-06-11T05:44:30" hostname="ni-83866-3" time="0.007">
  <properties/>
  <testcase name="testPutOnCache" classname="test.blz.ProductCacheTest" time="0.002"/>
  <testcase name="clearCache" classname="test.blz.ProductCacheTest" time="0.002"/>
  <testcase name="testRetrieveFromCache" classname="test.blz.ProductCacheTest" time="0.0"/>
  <testcase name="testRemoveFromCache" classname="test.blz.ProductCacheTest" time="0.001"/>
  <system-out><![CDATA[]]></system-out>
  <system-err><![CDATA[]]></system-err>
</testsuite>
