<?xml version="1.0" encoding="UTF-8"?>
<con:soapui-project id="8336a4f6-29ad-4ea6-9288-81cc62e0f099" activeEnvironment="Default" name="REST Test Java" resourceRoot="" soapui-version="5.5.0" abortOnError="false" runType="SEQUENTIAL" xmlns:con="http://eviware.com/soapui/config"><con:settings/><con:interface xsi:type="con:RestService" id="bbaaca45-a081-435e-adef-14713505b4d9" wadlVersion="http://wadl.dev.java.net/2009/02" name="http://localhost:8080" type="rest" xmlns:xsi="http://www.w3.org/2001/XMLSchema-instance"><con:settings/><con:definitionCache/><con:endpoints><con:endpoint>http://localhost:8080</con:endpoint></con:endpoints><con:resource name="" path="/api/save" id="2fcb7255-9a11-4a25-b3b6-e6476618948d"><con:settings/><con:parameters/><con:method name="Salvar" id="03398b38-6fc1-446a-8e15-e0d09233f6d8" method="POST"><con:settings/><con:parameters/><con:representation type="REQUEST"><con:mediaType>application/json</con:mediaType><con:params/></con:representation><con:representation type="FAULT"><con:mediaType>application/json;charset=UTF-8</con:mediaType><con:status>400</con:status><con:params/><con:element xmlns:save="http://localhost/api/save">save:Fault</con:element></con:representation><con:representation type="RESPONSE"><con:mediaType xsi:nil="true"/><con:status>0</con:status><con:params/><con:element>data</con:element></con:representation><con:representation type="RESPONSE"><con:mediaType xsi:nil="true"/><con:status>200</con:status><con:params/><con:element>data</con:element></con:representation><con:representation type="RESPONSE"><con:mediaType xsi:nil="true"/><con:status>200</con:status><con:params/><con:element>data</con:element></con:representation><con:representation type="RESPONSE"><con:mediaType xsi:nil="true"/><con:status>200</con:status><con:params/><con:element>data</con:element></con:representation><con:representation type="RESPONSE"><con:mediaType xsi:nil="true"/><con:status>200</con:status><con:params/><con:element>data</con:element></con:representation><con:representation type="RESPONSE"><con:mediaType xsi:nil="true"/><con:status>200</con:status><con:params/><con:element>data</con:element></con:representation><con:representation type="RESPONSE"><con:mediaType xsi:nil="true"/><con:status>200</con:status><con:params/><con:element>data</con:element></con:representation><con:representation type="RESPONSE"><con:mediaType xsi:nil="true"/><con:status>200</con:status><con:params/><con:element>data</con:element></con:representation><con:request name="Request 1" id="bc215d26-2a01-43cb-8903-a644fac24c65" mediaType="application/json" postQueryString="false"><con:settings><con:setting id="com.eviware.soapui.impl.wsdl.WsdlRequest@request-headers">&lt;xml-fragment/></con:setting></con:settings><con:endpoint>http://localhost:8080</con:endpoint><con:request>{
    "sku": 43264,
    "name": "LOreal Professionnel Expert Absolut Repair Cortex Lipidium - Máscara de Reconstrução 500g",
    "inventory": {
        "warehouses": [
            {
                "locality": "SP",
                "quantity": 12,
                "type": "ECOMMERCE"
            },
            {
                "locality": "MOEMA",
                "quantity": 3,
                "type": "PHYSICAL_STORE"
            }
        ]
    }

}</con:request><con:originalUri>http://localhost/api/save</con:originalUri><con:credentials><con:selectedAuthProfile>Profile 1</con:selectedAuthProfile><con:authType>OAuth 2.0</con:authType></con:credentials><con:jmsConfig JMSDeliveryMode="PERSISTENT"/><con:jmsPropertyConfig/><con:parameters/></con:request></con:method></con:resource><con:resource name="find" path="/api/find/43264" id="ec96969e-695f-424d-8c8e-e0ee06031834"><con:settings/><con:parameters/><con:method name="Consultar" id="525c5c23-bd19-4a1e-b505-227641630e8c" method="GET"><con:settings/><con:parameters/><con:representation type="FAULT"><con:mediaType>application/json;charset=UTF-8</con:mediaType><con:status>404 500 403</con:status><con:params/><con:element xmlns:find="http://localhost/api/find">find:Fault</con:element></con:representation><con:representation type="RESPONSE"><con:mediaType>application/json;charset=UTF-8</con:mediaType><con:status>200</con:status><con:params/><con:element xmlns:find="http://localhost/api/find">find:Response</con:element></con:representation><con:representation type="RESPONSE"><con:mediaType xsi:nil="true"/><con:status>0</con:status><con:params/><con:element>data</con:element></con:representation><con:request name="Request 1" id="a6ce0dde-bada-4f3d-a3fc-c3a29dfe0d9e" mediaType="application/json"><con:settings><con:setting id="com.eviware.soapui.impl.wsdl.WsdlRequest@request-headers">&lt;xml-fragment/></con:setting></con:settings><con:endpoint>http://localhost:8080</con:endpoint><con:request/><con:originalUri>http://localhost/api/find</con:originalUri><con:credentials><con:selectedAuthProfile>Profile 1</con:selectedAuthProfile><con:authType>OAuth 2.0</con:authType></con:credentials><con:jmsConfig JMSDeliveryMode="PERSISTENT"/><con:jmsPropertyConfig/><con:parameters/><con:parameterOrder/></con:request></con:method></con:resource><con:resource name="delete" path="/api/delete/43264" id="d3dc3b53-230a-436b-9b63-5e4c8509ee90"><con:settings/><con:parameters/><con:method name="Apagar" id="4d6fcda1-39c4-463a-9866-960c2b0b07d9" method="DELETE"><con:settings/><con:parameters/><con:representation type="REQUEST"><con:mediaType>application/json</con:mediaType><con:params/></con:representation><con:representation type="FAULT"><con:mediaType>application/json;charset=UTF-8</con:mediaType><con:status>500 405 404 403</con:status><con:params/><con:element xmlns:ns="http://localhost/api/delete/43264">ns:Fault</con:element></con:representation><con:representation type="RESPONSE"><con:mediaType xsi:nil="true"/><con:status>0</con:status><con:params/><con:element>data</con:element></con:representation><con:representation type="RESPONSE"><con:mediaType xsi:nil="true"/><con:status>0</con:status><con:params/><con:element>data</con:element></con:representation><con:representation type="RESPONSE"><con:mediaType xsi:nil="true"/><con:status>200</con:status><con:params/><con:element>data</con:element></con:representation><con:representation type="RESPONSE"><con:mediaType xsi:nil="true"/><con:status>200</con:status><con:params/><con:element>data</con:element></con:representation><con:request name="Request 1" id="bdfcd7f4-225f-4935-8761-091525b2034b" mediaType="application/json" postQueryString="false"><con:settings><con:setting id="com.eviware.soapui.impl.wsdl.WsdlRequest@request-headers">&lt;xml-fragment/></con:setting></con:settings><con:endpoint>http://localhost:8080</con:endpoint><con:request/><con:originalUri>http://localhost/api/delete/43264</con:originalUri><con:credentials><con:selectedAuthProfile>Profile 1</con:selectedAuthProfile><con:authType>OAuth 2.0</con:authType></con:credentials><con:jmsConfig JMSDeliveryMode="PERSISTENT"/><con:jmsPropertyConfig/><con:parameters/><con:parameterOrder/></con:request></con:method></con:resource><con:resource name="login" path="/login" id="0d146914-0763-4004-92bd-744a60fe1988"><con:settings/><con:parameters/><con:method name="Logar OAuth" id="24b7cd5c-5cfa-493c-b553-92ff09a07523" method="POST"><con:settings/><con:parameters/><con:representation type="RESPONSE"><con:mediaType xsi:nil="true"/><con:status>200</con:status><con:params/><con:element>data</con:element></con:representation><con:representation type="REQUEST"><con:mediaType>application/json</con:mediaType><con:params/></con:representation><con:representation type="RESPONSE"><con:mediaType xsi:nil="true"/><con:status>200</con:status><con:params/><con:element>data</con:element></con:representation><con:representation type="RESPONSE"><con:mediaType xsi:nil="true"/><con:status>200</con:status><con:params/><con:element>data</con:element></con:representation><con:request name="Request 1" id="44c5c24e-bf3d-4de3-9039-b0c31cab63f1" mediaType="application/json" postQueryString="false"><con:settings><con:setting id="com.eviware.soapui.impl.wsdl.WsdlRequest@request-headers">&lt;xml-fragment/></con:setting></con:settings><con:endpoint>http://localhost:8080</con:endpoint><con:request>{"username":"admin","password":"password"}</con:request><con:originalUri>http://localhost/login</con:originalUri><con:credentials><con:selectedAuthProfile>No Authorization</con:selectedAuthProfile><con:authType>No Authorization</con:authType></con:credentials><con:jmsConfig JMSDeliveryMode="PERSISTENT"/><con:jmsPropertyConfig/><con:parameters/></con:request></con:method></con:resource></con:interface><con:properties/><con:wssContainer/><con:oAuth2ProfileContainer><con:oAuth2Profile><con:name>Profile 1</con:name><con:accessToken>Bearer eyJhbGciOiJIUzUxMiJ9.eyJzdWIiOiJhZG1pbiIsImV4cCI6MTU2MTU4NjcxNH0.sdr1VPK5-VXTfSbAzyL2D8D2Q6esQ3-oR4ERhh5AeE-ewSZ_1jwXwM6vvAgGFSr2RUb4M9nNunhxeZpvpwG0SA</con:accessToken><con:accessTokenPosition>HEADER</con:accessTokenPosition><con:oAuth2Flow>RESOURCE_OWNER_PASSWORD_CREDENTIALS</con:oAuth2Flow><con:refreshAccessTokenMethod>AUTOMATIC</con:refreshAccessTokenMethod><con:accessTokenStatus>ENTERED_MANUALLY</con:accessTokenStatus><con:accessTokenStartingStatus>ENTERED_MANUALLY</con:accessTokenStartingStatus></con:oAuth2Profile></con:oAuth2ProfileContainer><con:oAuth1ProfileContainer/></con:soapui-project>