<?xml version="1.0" encoding="UTF-8"?>
<testsuite name="br.com.blz.testkotlin.service.ProductServiceImplTest" tests="5" skipped="0" failures="0" errors="0" timestamp="2022-07-06T22:35:15" hostname="RAPPIBANK-008" time="0.581">
  <properties/>
  <testcase name="updateProduct()" classname="br.com.blz.testkotlin.service.ProductServiceImplTest" time="0.56"/>
  <testcase name="productInventory()" classname="br.com.blz.testkotlin.service.ProductServiceImplTest" time="0.004"/>
  <testcase name="deleteProduct()" classname="br.com.blz.testkotlin.service.ProductServiceImplTest" time="0.004"/>
  <testcase name="getAllProductsListEmpty()" classname="br.com.blz.testkotlin.service.ProductServiceImplTest" time="0.004"/>
  <testcase name="createProduct()" classname="br.com.blz.testkotlin.service.ProductServiceImplTest" time="0.004"/>
  <system-out><![CDATA[19:35:12.329 [Test worker] DEBUG org.springframework.test.context.BootstrapUtils - Instantiating CacheAwareContextLoaderDelegate from class [org.springframework.test.context.cache.DefaultCacheAwareContextLoaderDelegate]
19:35:12.342 [Test worker] DEBUG org.springframework.test.context.BootstrapUtils - Instantiating BootstrapContext using constructor [public org.springframework.test.context.support.DefaultBootstrapContext(java.lang.Class,org.springframework.test.context.CacheAwareContextLoaderDelegate)]
19:35:12.379 [Test worker] DEBUG org.springframework.test.context.BootstrapUtils - Instantiating TestContextBootstrapper for test class [br.com.blz.testkotlin.service.ProductServiceImplTest] from class [org.springframework.boot.test.context.SpringBootTestContextBootstrapper]
19:35:12.394 [Test worker] INFO org.springframework.boot.test.context.SpringBootTestContextBootstrapper - Neither @ContextConfiguration nor @ContextHierarchy found for test class [br.com.blz.testkotlin.service.ProductServiceImplTest], using SpringBootContextLoader
19:35:12.398 [Test worker] DEBUG org.springframework.test.context.support.AbstractContextLoader - Did not detect default resource location for test class [br.com.blz.testkotlin.service.ProductServiceImplTest]: class path resource [br/com/blz/testkotlin/service/ProductServiceImplTest-context.xml] does not exist
19:35:12.399 [Test worker] DEBUG org.springframework.test.context.support.AbstractContextLoader - Did not detect default resource location for test class [br.com.blz.testkotlin.service.ProductServiceImplTest]: class path resource [br/com/blz/testkotlin/service/ProductServiceImplTestContext.groovy] does not exist
19:35:12.399 [Test worker] INFO org.springframework.test.context.support.AbstractContextLoader - Could not detect default resource locations for test class [br.com.blz.testkotlin.service.ProductServiceImplTest]: no resource found for suffixes {-context.xml, Context.groovy}.
19:35:12.401 [Test worker] INFO org.springframework.test.context.support.AnnotationConfigContextLoaderUtils - Could not detect default configuration classes for test class [br.com.blz.testkotlin.service.ProductServiceImplTest]: ProductServiceImplTest does not declare any static, non-private, non-final, nested classes annotated with @Configuration.
19:35:12.454 [Test worker] DEBUG org.springframework.test.context.support.ActiveProfilesUtils - Could not find an 'annotation declaring class' for annotation type [org.springframework.test.context.ActiveProfiles] and class [br.com.blz.testkotlin.service.ProductServiceImplTest]
19:35:12.530 [Test worker] DEBUG org.springframework.context.annotation.ClassPathScanningCandidateComponentProvider - Identified candidate component class: file [C:\Dev\demo2\test-java\build\classes\kotlin\main\br\com\blz\testkotlin\TestJavaApplication.class]
19:35:12.531 [Test worker] INFO org.springframework.boot.test.context.SpringBootTestContextBootstrapper - Found @SpringBootConfiguration br.com.blz.testkotlin.TestJavaApplication for test class br.com.blz.testkotlin.service.ProductServiceImplTest
19:35:12.638 [Test worker] DEBUG org.springframework.boot.test.context.SpringBootTestContextBootstrapper - @TestExecutionListeners is not present for class [br.com.blz.testkotlin.service.ProductServiceImplTest]: using defaults.
19:35:12.639 [Test worker] INFO org.springframework.boot.test.context.SpringBootTestContextBootstrapper - Loaded default TestExecutionListener class names from location [META-INF/spring.factories]: [org.springframework.boot.test.autoconfigure.restdocs.RestDocsTestExecutionListener, org.springframework.boot.test.autoconfigure.web.client.MockRestServiceServerResetTestExecutionListener, org.springframework.boot.test.autoconfigure.web.servlet.MockMvcPrintOnlyOnFailureTestExecutionListener, org.springframework.boot.test.autoconfigure.web.servlet.WebDriverTestExecutionListener, org.springframework.boot.test.autoconfigure.webservices.client.MockWebServiceServerTestExecutionListener, org.springframework.boot.test.mock.mockito.MockitoTestExecutionListener, org.springframework.boot.test.mock.mockito.ResetMocksTestExecutionListener, org.springframework.test.context.web.ServletTestExecutionListener, org.springframework.test.context.support.DirtiesContextBeforeModesTestExecutionListener, org.springframework.test.context.event.ApplicationEventsTestExecutionListener, org.springframework.test.context.support.DependencyInjectionTestExecutionListener, org.springframework.test.context.support.DirtiesContextTestExecutionListener, org.springframework.test.context.transaction.TransactionalTestExecutionListener, org.springframework.test.context.jdbc.SqlScriptsTestExecutionListener, org.springframework.test.context.event.EventPublishingTestExecutionListener]
19:35:12.651 [Test worker] DEBUG org.springframework.boot.test.context.SpringBootTestContextBootstrapper - Skipping candidate TestExecutionListener [org.springframework.test.context.transaction.TransactionalTestExecutionListener] due to a missing dependency. Specify custom listener classes or make the default listener classes and their required dependencies available. Offending class: [org/springframework/transaction/interceptor/TransactionAttributeSource]
19:35:12.651 [Test worker] DEBUG org.springframework.boot.test.context.SpringBootTestContextBootstrapper - Skipping candidate TestExecutionListener [org.springframework.test.context.jdbc.SqlScriptsTestExecutionListener] due to a missing dependency. Specify custom listener classes or make the default listener classes and their required dependencies available. Offending class: [org/springframework/transaction/interceptor/TransactionAttribute]
19:35:12.652 [Test worker] INFO org.springframework.boot.test.context.SpringBootTestContextBootstrapper - Using TestExecutionListeners: [org.springframework.test.context.web.ServletTestExecutionListener@438324, org.springframework.test.context.support.DirtiesContextBeforeModesTestExecutionListener@237d20e, org.springframework.test.context.event.ApplicationEventsTestExecutionListener@2452355a, org.springframework.boot.test.mock.mockito.MockitoTestExecutionListener@2f4fba13, org.springframework.boot.test.autoconfigure.SpringBootDependencyInjectionTestExecutionListener@3309567d, org.springframework.test.context.support.DirtiesContextTestExecutionListener@f1245b0, org.springframework.test.context.event.EventPublishingTestExecutionListener@3adf59ed, org.springframework.boot.test.autoconfigure.restdocs.RestDocsTestExecutionListener@6892e387, org.springframework.boot.test.autoconfigure.web.client.MockRestServiceServerResetTestExecutionListener@11d1fa56, org.springframework.boot.test.autoconfigure.web.servlet.MockMvcPrintOnlyOnFailureTestExecutionListener@c730219, org.springframework.boot.test.autoconfigure.web.servlet.WebDriverTestExecutionListener@4ca3324b, org.springframework.boot.test.autoconfigure.webservices.client.MockWebServiceServerTestExecutionListener@33526e83, org.springframework.boot.test.mock.mockito.ResetMocksTestExecutionListener@2dcf21f5]
19:35:12.656 [Test worker] DEBUG org.springframework.test.context.support.AbstractDirtiesContextTestExecutionListener - Before test class: context [DefaultTestContext@6c1c504d testClass = ProductServiceImplTest, testInstance = [null], testMethod = [null], testException = [null], mergedContextConfiguration = [WebMergedContextConfiguration@1a1e6743 testClass = ProductServiceImplTest, locations = '{}', classes = '{class br.com.blz.testkotlin.TestJavaApplication}', contextInitializerClasses = '[]', activeProfiles = '{}', propertySourceLocations = '{}', propertySourceProperties = '{org.springframework.boot.test.context.SpringBootTestContextBootstrapper=true}', contextCustomizers = set[org.springframework.boot.test.autoconfigure.actuate.metrics.MetricsExportContextCustomizerFactory$DisableMetricExportContextCustomizer@5e039d67, org.springframework.boot.test.autoconfigure.properties.PropertyMappingContextCustomizer@0, org.springframework.boot.test.autoconfigure.web.servlet.WebDriverContextCustomizerFactory$Customizer@46f0b873, org.springframework.boot.test.context.filter.ExcludeFilterContextCustomizer@3abb5862, org.springframework.boot.test.json.DuplicateJsonObjectContextCustomizerFactory$DuplicateJsonObjectContextCustomizer@917e550, org.springframework.boot.test.mock.mockito.MockitoContextCustomizer@0, org.springframework.boot.test.web.client.TestRestTemplateContextCustomizer@6c4cf072, org.springframework.boot.test.context.SpringBootTestArgs@1, org.springframework.boot.test.context.SpringBootTestWebEnvironment@407f8fef], resourceBasePath = 'src/main/webapp', contextLoader = 'org.springframework.boot.test.context.SpringBootContextLoader', parent = [null]], attributes = map['org.springframework.test.context.web.ServletTestExecutionListener.activateListener' -> true]], class annotated with @DirtiesContext [false] with mode [null].

  .   ____          _            __ _ _
 /\\ / ___'_ __ _ _(_)_ __  __ _ \ \ \ \
( ( )\___ | '_ | '_| | '_ \/ _` | \ \ \ \
 \\/  ___)| |_)| | | | | || (_| |  ) ) ) )
  '  |____| .__|_| |_|_| |_\__, | / / / /
 =========|_|==============|___/=/_/_/_/
 :: Spring Boot ::                (v2.6.5)

2022-07-06 19:35:13.030  INFO 45360 --- [    Test worker] b.c.b.t.service.ProductServiceImplTest   : Starting ProductServiceImplTest using Java 13.0.8 on RAPPIBANK-008 with PID 45360 (started by Aliane Peruzzo in C:\Dev\demo2\test-java)
2022-07-06 19:35:13.032  INFO 45360 --- [    Test worker] b.c.b.t.service.ProductServiceImplTest   : No active profile set, falling back to 1 default profile: "default"
2022-07-06 19:35:15.640  INFO 45360 --- [    Test worker] o.s.b.a.e.web.EndpointLinksResolver      : Exposing 1 endpoint(s) beneath base path '/actuator'
2022-07-06 19:35:15.717  INFO 45360 --- [    Test worker] b.c.b.t.service.ProductServiceImplTest   : Started ProductServiceImplTest in 3.002 seconds (JVM running for 5.335)
]]></system-out>
  <system-err><![CDATA[]]></system-err>
</testsuite>
