<?xml version="1.0" encoding="UTF-8"?>
<testsuite name="br.com.blz.testkotlin.controller.ProductControllerTest" tests="6" skipped="0" failures="0" errors="0" timestamp="2022-07-05T19:01:36" hostname="RAPPIBANK-008" time="0.848">
  <properties/>
  <testcase name="getAllProducts()" classname="br.com.blz.testkotlin.controller.ProductControllerTest" time="0.67"/>
  <testcase name="createProduct43267()" classname="br.com.blz.testkotlin.controller.ProductControllerTest" time="0.085"/>
  <testcase name="createProduct43267Exception()" classname="br.com.blz.testkotlin.controller.ProductControllerTest" time="0.012"/>
  <testcase name="getAllProductsEmpty()" classname="br.com.blz.testkotlin.controller.ProductControllerTest" time="0.031"/>
  <testcase name="editProduct43267()" classname="br.com.blz.testkotlin.controller.ProductControllerTest" time="0.024"/>
  <testcase name="getBySku43267()" classname="br.com.blz.testkotlin.controller.ProductControllerTest" time="0.017"/>
  <system-out><![CDATA[16:01:32.813 [Test worker] DEBUG org.springframework.test.context.BootstrapUtils - Instantiating CacheAwareContextLoaderDelegate from class [org.springframework.test.context.cache.DefaultCacheAwareContextLoaderDelegate]
16:01:32.825 [Test worker] DEBUG org.springframework.test.context.BootstrapUtils - Instantiating BootstrapContext using constructor [public org.springframework.test.context.support.DefaultBootstrapContext(java.lang.Class,org.springframework.test.context.CacheAwareContextLoaderDelegate)]
16:01:32.865 [Test worker] DEBUG org.springframework.test.context.BootstrapUtils - Instantiating TestContextBootstrapper for test class [br.com.blz.testkotlin.controller.ProductControllerTest] from class [org.springframework.boot.test.context.SpringBootTestContextBootstrapper]
16:01:32.877 [Test worker] INFO org.springframework.boot.test.context.SpringBootTestContextBootstrapper - Neither @ContextConfiguration nor @ContextHierarchy found for test class [br.com.blz.testkotlin.controller.ProductControllerTest], using SpringBootContextLoader
16:01:32.881 [Test worker] DEBUG org.springframework.test.context.support.AbstractContextLoader - Did not detect default resource location for test class [br.com.blz.testkotlin.controller.ProductControllerTest]: class path resource [br/com/blz/testkotlin/controller/ProductControllerTest-context.xml] does not exist
16:01:32.882 [Test worker] DEBUG org.springframework.test.context.support.AbstractContextLoader - Did not detect default resource location for test class [br.com.blz.testkotlin.controller.ProductControllerTest]: class path resource [br/com/blz/testkotlin/controller/ProductControllerTestContext.groovy] does not exist
16:01:32.882 [Test worker] INFO org.springframework.test.context.support.AbstractContextLoader - Could not detect default resource locations for test class [br.com.blz.testkotlin.controller.ProductControllerTest]: no resource found for suffixes {-context.xml, Context.groovy}.
16:01:32.883 [Test worker] INFO org.springframework.test.context.support.AnnotationConfigContextLoaderUtils - Could not detect default configuration classes for test class [br.com.blz.testkotlin.controller.ProductControllerTest]: ProductControllerTest does not declare any static, non-private, non-final, nested classes annotated with @Configuration.
16:01:32.934 [Test worker] DEBUG org.springframework.test.context.support.ActiveProfilesUtils - Could not find an 'annotation declaring class' for annotation type [org.springframework.test.context.ActiveProfiles] and class [br.com.blz.testkotlin.controller.ProductControllerTest]
16:01:32.998 [Test worker] DEBUG org.springframework.context.annotation.ClassPathScanningCandidateComponentProvider - Identified candidate component class: file [C:\Dev\demo2\test-java\build\classes\kotlin\main\br\com\blz\testkotlin\TestJavaApplication.class]
16:01:33.000 [Test worker] INFO org.springframework.boot.test.context.SpringBootTestContextBootstrapper - Found @SpringBootConfiguration br.com.blz.testkotlin.TestJavaApplication for test class br.com.blz.testkotlin.controller.ProductControllerTest
16:01:33.106 [Test worker] DEBUG org.springframework.boot.test.context.SpringBootTestContextBootstrapper - @TestExecutionListeners is not present for class [br.com.blz.testkotlin.controller.ProductControllerTest]: using defaults.
16:01:33.107 [Test worker] INFO org.springframework.boot.test.context.SpringBootTestContextBootstrapper - Loaded default TestExecutionListener class names from location [META-INF/spring.factories]: [org.springframework.boot.test.autoconfigure.restdocs.RestDocsTestExecutionListener, org.springframework.boot.test.autoconfigure.web.client.MockRestServiceServerResetTestExecutionListener, org.springframework.boot.test.autoconfigure.web.servlet.MockMvcPrintOnlyOnFailureTestExecutionListener, org.springframework.boot.test.autoconfigure.web.servlet.WebDriverTestExecutionListener, org.springframework.boot.test.autoconfigure.webservices.client.MockWebServiceServerTestExecutionListener, org.springframework.boot.test.mock.mockito.MockitoTestExecutionListener, org.springframework.boot.test.mock.mockito.ResetMocksTestExecutionListener, org.springframework.test.context.web.ServletTestExecutionListener, org.springframework.test.context.support.DirtiesContextBeforeModesTestExecutionListener, org.springframework.test.context.event.ApplicationEventsTestExecutionListener, org.springframework.test.context.support.DependencyInjectionTestExecutionListener, org.springframework.test.context.support.DirtiesContextTestExecutionListener, org.springframework.test.context.transaction.TransactionalTestExecutionListener, org.springframework.test.context.jdbc.SqlScriptsTestExecutionListener, org.springframework.test.context.event.EventPublishingTestExecutionListener]
16:01:33.125 [Test worker] DEBUG org.springframework.boot.test.context.SpringBootTestContextBootstrapper - Skipping candidate TestExecutionListener [org.springframework.test.context.transaction.TransactionalTestExecutionListener] due to a missing dependency. Specify custom listener classes or make the default listener classes and their required dependencies available. Offending class: [org/springframework/transaction/interceptor/TransactionAttributeSource]
16:01:33.125 [Test worker] DEBUG org.springframework.boot.test.context.SpringBootTestContextBootstrapper - Skipping candidate TestExecutionListener [org.springframework.test.context.jdbc.SqlScriptsTestExecutionListener] due to a missing dependency. Specify custom listener classes or make the default listener classes and their required dependencies available. Offending class: [org/springframework/transaction/interceptor/TransactionAttribute]
16:01:33.126 [Test worker] INFO org.springframework.boot.test.context.SpringBootTestContextBootstrapper - Using TestExecutionListeners: [org.springframework.test.context.web.ServletTestExecutionListener@25253798, org.springframework.test.context.support.DirtiesContextBeforeModesTestExecutionListener@37961e2a, org.springframework.test.context.event.ApplicationEventsTestExecutionListener@58dd96a2, org.springframework.boot.test.mock.mockito.MockitoTestExecutionListener@15816d49, org.springframework.boot.test.autoconfigure.SpringBootDependencyInjectionTestExecutionListener@19140196, org.springframework.test.context.support.DirtiesContextTestExecutionListener@1e742bd0, org.springframework.test.context.event.EventPublishingTestExecutionListener@2a28c63a, org.springframework.boot.test.autoconfigure.restdocs.RestDocsTestExecutionListener@34dd0d13, org.springframework.boot.test.autoconfigure.web.client.MockRestServiceServerResetTestExecutionListener@d7ca2af, org.springframework.boot.test.autoconfigure.web.servlet.MockMvcPrintOnlyOnFailureTestExecutionListener@32e9327b, org.springframework.boot.test.autoconfigure.web.servlet.WebDriverTestExecutionListener@5e9c3b0a, org.springframework.boot.test.autoconfigure.webservices.client.MockWebServiceServerTestExecutionListener@2f5105f, org.springframework.boot.test.mock.mockito.ResetMocksTestExecutionListener@6af4b374]
16:01:33.130 [Test worker] DEBUG org.springframework.test.context.support.AbstractDirtiesContextTestExecutionListener - Before test class: context [DefaultTestContext@62948bda testClass = ProductControllerTest, testInstance = [null], testMethod = [null], testException = [null], mergedContextConfiguration = [WebMergedContextConfiguration@159fd8a2 testClass = ProductControllerTest, locations = '{}', classes = '{class br.com.blz.testkotlin.TestJavaApplication}', contextInitializerClasses = '[]', activeProfiles = '{}', propertySourceLocations = '{}', propertySourceProperties = '{org.springframework.boot.test.context.SpringBootTestContextBootstrapper=true}', contextCustomizers = set[org.springframework.boot.test.autoconfigure.actuate.metrics.MetricsExportContextCustomizerFactory$DisableMetricExportContextCustomizer@46c5388d, org.springframework.boot.test.autoconfigure.properties.PropertyMappingContextCustomizer@4b3fa0b3, org.springframework.boot.test.autoconfigure.web.servlet.WebDriverContextCustomizerFactory$Customizer@1ecf8236, [ImportsContextCustomizer@3c860e72 key = [org.springframework.boot.test.autoconfigure.web.servlet.MockMvcAutoConfiguration, org.springframework.boot.test.autoconfigure.web.servlet.MockMvcWebClientAutoConfiguration, org.springframework.boot.test.autoconfigure.web.servlet.MockMvcWebDriverAutoConfiguration, org.springframework.boot.autoconfigure.security.oauth2.client.servlet.OAuth2ClientAutoConfiguration, org.springframework.boot.autoconfigure.security.oauth2.resource.servlet.OAuth2ResourceServerAutoConfiguration, org.springframework.boot.autoconfigure.security.servlet.SecurityAutoConfiguration, org.springframework.boot.autoconfigure.security.servlet.SecurityFilterAutoConfiguration, org.springframework.boot.autoconfigure.security.servlet.UserDetailsServiceAutoConfiguration, org.springframework.boot.test.autoconfigure.web.servlet.MockMvcSecurityConfiguration, org.springframework.boot.test.autoconfigure.web.reactive.WebTestClientAutoConfiguration]], org.springframework.boot.test.context.filter.ExcludeFilterContextCustomizer@17807d5c, org.springframework.boot.test.json.DuplicateJsonObjectContextCustomizerFactory$DuplicateJsonObjectContextCustomizer@33a3dce0, org.springframework.boot.test.mock.mockito.MockitoContextCustomizer@0, org.springframework.boot.test.web.client.TestRestTemplateContextCustomizer@59ba2e43, org.springframework.boot.test.context.SpringBootTestArgs@1, org.springframework.boot.test.context.SpringBootTestWebEnvironment@5d66e413], resourceBasePath = 'src/main/webapp', contextLoader = 'org.springframework.boot.test.context.SpringBootContextLoader', parent = [null]], attributes = map['org.springframework.test.context.web.ServletTestExecutionListener.activateListener' -> true]], class annotated with @DirtiesContext [false] with mode [null].

  .   ____          _            __ _ _
 /\\ / ___'_ __ _ _(_)_ __  __ _ \ \ \ \
( ( )\___ | '_ | '_| | '_ \/ _` | \ \ \ \
 \\/  ___)| |_)| | | | | || (_| |  ) ) ) )
  '  |____| .__|_| |_|_| |_\__, | / / / /
 =========|_|==============|___/=/_/_/_/
 :: Spring Boot ::                (v2.6.5)

2022-07-05 16:01:33.497  INFO 9060 --- [    Test worker] b.c.b.t.c.ProductControllerTest          : Starting ProductControllerTest using Java 13.0.8 on RAPPIBANK-008 with PID 9060 (started by Aliane Peruzzo in C:\Dev\demo2\test-java)
2022-07-05 16:01:33.498  INFO 9060 --- [    Test worker] b.c.b.t.c.ProductControllerTest          : No active profile set, falling back to 1 default profile: "default"
2022-07-05 16:01:36.035  INFO 9060 --- [    Test worker] o.s.b.t.m.w.SpringBootMockServletContext : Initializing Spring TestDispatcherServlet ''
2022-07-05 16:01:36.036  INFO 9060 --- [    Test worker] o.s.t.web.servlet.TestDispatcherServlet  : Initializing Servlet ''
2022-07-05 16:01:36.053  INFO 9060 --- [    Test worker] o.s.b.a.e.web.EndpointLinksResolver      : Exposing 1 endpoint(s) beneath base path '/actuator'
2022-07-05 16:01:36.107  INFO 9060 --- [    Test worker] o.s.t.web.servlet.TestDispatcherServlet  : Completed initialization in 71 ms
2022-07-05 16:01:36.160  INFO 9060 --- [    Test worker] b.c.b.t.c.ProductControllerTest          : Started ProductControllerTest in 2.971 seconds (JVM running for 4.804)

MockHttpServletRequest:
      HTTP Method = GET
      Request URI = /v1/product/all
       Parameters = {}
          Headers = []
             Body = null
    Session Attrs = {}

Handler:
             Type = br.com.blz.testkotlin.controller.ProductController
           Method = br.com.blz.testkotlin.controller.ProductController#getAllProducts()

Async:
    Async started = false
     Async result = null

Resolved Exception:
             Type = null

ModelAndView:
        View name = null
             View = null
            Model = null

FlashMap:
       Attributes = null

MockHttpServletResponse:
           Status = 200
    Error message = null
          Headers = [Content-Type:"application/json"]
     Content type = application/json
             Body = []
    Forwarded URL = null
   Redirected URL = null
          Cookies = []

MockHttpServletRequest:
      HTTP Method = POST
      Request URI = /v1/product
       Parameters = {}
          Headers = [Content-Type:"application/json;charset=UTF-8", Accept:"application/json", Content-Length:"273"]
             Body = {"sku": 43267,"name": "L'Oréal Professionnel Expert Absolut Repair Cortex Lipidium - Máscara de Reconstrução 500g","inventory": {"warehouses": [{ "locality": "SP", "quantity": 12, "type": "ECOMMERCE" },{ "locality": "MOEMA","quantity": 3, "type": "PHYSICAL_STORE"}] } }
    Session Attrs = {}

Handler:
             Type = br.com.blz.testkotlin.controller.ProductController
           Method = br.com.blz.testkotlin.controller.ProductController#createProduct(ProductEntity)

Async:
    Async started = false
     Async result = null

Resolved Exception:
             Type = null

ModelAndView:
        View name = null
             View = null
            Model = null

FlashMap:
       Attributes = null

MockHttpServletResponse:
           Status = 201
    Error message = null
          Headers = [Content-Type:"application/json"]
     Content type = application/json
             Body = {"sku":43267,"name":"L'Oréal Professionnel Expert Absolut Repair Cortex Lipidium - Máscara de Reconstrução 500g","inventory":{"quantity":null,"warehouses":[{"locality":"SP","quantity":12,"type":"ECOMMERCE"},{"locality":"MOEMA","quantity":3,"type":"PHYSICAL_STORE"}]},"isMarketable":false}
    Forwarded URL = null
   Redirected URL = null
          Cookies = []

MockHttpServletRequest:
      HTTP Method = POST
      Request URI = /v1/product
       Parameters = {}
          Headers = [Content-Type:"application/json;charset=UTF-8", Accept:"application/json", Content-Length:"273"]
             Body = {"sku": 43267,"name": "L'Oréal Professionnel Expert Absolut Repair Cortex Lipidium - Máscara de Reconstrução 500g","inventory": {"warehouses": [{ "locality": "SP", "quantity": 12, "type": "ECOMMERCE" },{ "locality": "MOEMA","quantity": 3, "type": "PHYSICAL_STORE"}] } }
    Session Attrs = {}

Handler:
             Type = br.com.blz.testkotlin.controller.ProductController
           Method = br.com.blz.testkotlin.controller.ProductController#createProduct(ProductEntity)

Async:
    Async started = false
     Async result = null

Resolved Exception:
             Type = null

ModelAndView:
        View name = null
             View = null
            Model = null

FlashMap:
       Attributes = null

MockHttpServletResponse:
           Status = 409
    Error message = null
          Headers = [Content-Type:"application/json"]
     Content type = application/json
             Body = {"sku":43267,"name":"L'Oréal Professionnel Expert Absolut Repair Cortex Lipidium - Máscara de Reconstrução 500g","inventory":{"quantity":null,"warehouses":[{"locality":"SP","quantity":12,"type":"ECOMMERCE"},{"locality":"MOEMA","quantity":3,"type":"PHYSICAL_STORE"}]},"isMarketable":false}
    Forwarded URL = null
   Redirected URL = null
          Cookies = []

MockHttpServletRequest:
      HTTP Method = GET
      Request URI = /v1/product/all
       Parameters = {}
          Headers = []
             Body = null
    Session Attrs = {}

Handler:
             Type = br.com.blz.testkotlin.controller.ProductController
           Method = br.com.blz.testkotlin.controller.ProductController#getAllProducts()

Async:
    Async started = false
     Async result = null

Resolved Exception:
             Type = null

ModelAndView:
        View name = null
             View = null
            Model = null

FlashMap:
       Attributes = null

MockHttpServletResponse:
           Status = 200
    Error message = null
          Headers = [Content-Type:"application/json"]
     Content type = application/json
             Body = [{"sku":43267,"name":"L'Oréal Professionnel Expert Absolut Repair Cortex Lipidium - Máscara de Reconstrução 500g","inventory":{"quantity":15,"warehouses":[{"locality":"SP","quantity":12,"type":"ECOMMERCE"},{"locality":"MOEMA","quantity":3,"type":"PHYSICAL_STORE"}]},"isMarketable":true}]
    Forwarded URL = null
   Redirected URL = null
          Cookies = []

MockHttpServletRequest:
      HTTP Method = PUT
      Request URI = /v1/product/43267
       Parameters = {}
          Headers = [Content-Type:"application/json;charset=UTF-8", Accept:"application/json", Content-Length:"272"]
             Body = {"sku": 43267,"name": "L'Oréal Professionnel Expert Absolut Repair Cortex Lipidium - Máscara de Reconstrução 500g","inventory": {"warehouses": [{ "locality": "SP", "quantity": 0, "type": "ECOMMERCE" },{ "locality": "MOEMA","quantity": 3, "type": "PHYSICAL_STORE"}] } }
    Session Attrs = {}

Handler:
             Type = br.com.blz.testkotlin.controller.ProductController
           Method = br.com.blz.testkotlin.controller.ProductController#editProduct(long, ProductEntity)

Async:
    Async started = false
     Async result = null

Resolved Exception:
             Type = null

ModelAndView:
        View name = null
             View = null
            Model = null

FlashMap:
       Attributes = null

MockHttpServletResponse:
           Status = 200
    Error message = null
          Headers = [Content-Type:"application/json"]
     Content type = application/json
             Body = {"sku":43267,"name":"L'Oréal Professionnel Expert Absolut Repair Cortex Lipidium - Máscara de Reconstrução 500g","inventory":{"quantity":15,"warehouses":[{"locality":"SP","quantity":12,"type":"ECOMMERCE"},{"locality":"MOEMA","quantity":3,"type":"PHYSICAL_STORE"}]},"isMarketable":true}
    Forwarded URL = null
   Redirected URL = null
          Cookies = []

MockHttpServletRequest:
      HTTP Method = GET
      Request URI = /v1/product/43267
       Parameters = {}
          Headers = []
             Body = null
    Session Attrs = {}

Handler:
             Type = br.com.blz.testkotlin.controller.ProductController
           Method = br.com.blz.testkotlin.controller.ProductController#getProduct(long)

Async:
    Async started = false
     Async result = null

Resolved Exception:
             Type = null

ModelAndView:
        View name = null
             View = null
            Model = null

FlashMap:
       Attributes = null

MockHttpServletResponse:
           Status = 200
    Error message = null
          Headers = [Content-Type:"application/json"]
     Content type = application/json
             Body = {"sku":43267,"name":"L'Oréal Professionnel Expert Absolut Repair Cortex Lipidium - Máscara de Reconstrução 500g","inventory":{"quantity":15,"warehouses":[{"locality":"SP","quantity":12,"type":"ECOMMERCE"},{"locality":"MOEMA","quantity":3,"type":"PHYSICAL_STORE"}]},"isMarketable":true}
    Forwarded URL = null
   Redirected URL = null
          Cookies = []
]]></system-out>
  <system-err><![CDATA[]]></system-err>
</testsuite>
