<?xml version="1.0" encoding="UTF-8"?>
<testsuite name="test.blz.ProductResourceTest" tests="7" skipped="0" failures="0" errors="0" timestamp="2019-06-11T05:44:25" hostname="ni-83866-3" time="0.191">
  <properties/>
  <testcase name="testClearAllCache" classname="test.blz.ProductResourceTest" time="0.133"/>
  <testcase name="testCreateProduct" classname="test.blz.ProductResourceTest" time="0.017"/>
  <testcase name="testFindProductNotCreated" classname="test.blz.ProductResourceTest" time="0.004"/>
  <testcase name="testFindProduct" classname="test.blz.ProductResourceTest" time="0.011"/>
  <testcase name="testUpdateProduct" classname="test.blz.ProductResourceTest" time="0.003"/>
  <testcase name="testCreateProductThatAlreadyExists" classname="test.blz.ProductResourceTest" time="0.006"/>
  <testcase name="testClearProductCache" classname="test.blz.ProductResourceTest" time="0.001"/>
  <system-out><![CDATA[02:44:25.709 [Test worker] INFO test.blz.resource.ProductResource - M=clearCache
02:44:25.858 [Test worker] INFO test.blz.resource.ProductResource - M=createProduct, request=ProductCreateRequest(sku=1, name=produto teste, inventory=Inventory(quantity=null, warehouses=[Warehouse(locality=sao paulo, quantity=1, type=ECOMMERCE), Warehouse(locality=sao paulo, quantity=1, type=PHYSICAL_STORE)]))
02:44:25.867 [Test worker] INFO test.blz.resource.ProductResource - M=findProduct, sku=1
02:44:25.871 [Test worker] INFO test.blz.resource.ProductResource - M=findProduct, sku=1
02:44:25.884 [Test worker] INFO test.blz.resource.ProductResource - M=editProduct, request=ProductUpdateRequest(sku=1, name=produto teste, inventory=Inventory(quantity=null, warehouses=[Warehouse(locality=sao paulo, quantity=1, type=ECOMMERCE), Warehouse(locality=sao paulo, quantity=1, type=PHYSICAL_STORE)]), marketable=false)
02:44:25.891 [Test worker] INFO test.blz.resource.ProductResource - M=createProduct, request=ProductCreateRequest(sku=1, name=produto teste, inventory=Inventory(quantity=2, warehouses=[Warehouse(locality=sao paulo, quantity=1, type=ECOMMERCE), Warehouse(locality=sao paulo, quantity=1, type=PHYSICAL_STORE)]))
02:44:25.898 [Test worker] INFO test.blz.resource.ProductResource - M=createProduct, request=1
]]></system-out>
  <system-err><![CDATA[]]></system-err>
</testsuite>
